{
  "RSpec": {
    "coverage": {
      "/Users/erbartos/Documents/GitHub/part-box/spec/workers/asset_label_small_worker_spec.rb": [
        1,
        1,
        1,
        null
      ],
      "/Users/erbartos/Documents/GitHub/part-box/app/workers/asset_label_small_worker.rb": [
        1,
        1,
        1,
        null,
        null,
        1,
        0,
        0,
        0,
        0,
        null,
        0,
        0,
        0,
        null,
        null,
        null
      ]
    },
    "timestamp": 1548941393
  }
}
